# JRE version: OpenJDK Runtime Environment Microsoft-11369940 (21.0.7+6) (build 21.0.7+6-LTS)
# Java VM: OpenJDK 64-Bit Server VM Microsoft-11369940 (21.0.7+6-LTS, mixed mode, sharing, tiered, compressed oops, compressed class ptrs, g1 gc, windows-amd64)
GC Precious Log:
 CardTable entry size: 512
 Card Set container configuration: InlinePtr #cards 5 size 8 Array Of Cards #cards 12 size 40 Howl #buckets 4 coarsen threshold 1843 Howl Bitmap #cards 512 size 80 coarsen threshold 460 Card regions per heap region 1 cards per card region 2048
 CPUs: 8 total, 8 available
 Memory: 7502M
 Large Page Support: Disabled
 NUMA Support: Disabled
 Compressed Oops: Enabled (32-bit)
 Heap Region Size: 1M
 Heap Min Capacity: 8M
 Heap Initial Capacity: 118M
 Heap Max Capacity: 1876M
 Pre-touch: Disabled
 Parallel Workers: 8
 Concurrent Workers: 2
 Concurrent Refinement Workers: 8
 Periodic GC: Disabled
Heap:
 garbage-first heap   total 40960K, used 22204K [0x000000008ac00000, 0x0000000100000000)
  region size 1024K, 7 young (7168K), 3 survivors (3072K)
 Metaspace       used 40379K, committed 40960K, reserved 1114112K
  class space    used 4562K, committed 4800K, reserved 1048576K
GC Heap History (16 events):
Event: 2.125 GC heap before
{Heap before GC invocations=0 (full 0):
 garbage-first heap   total 120832K, used 23552K [0x000000008ac00000, 0x0000000100000000)
  region size 1024K, 23 young (23552K), 0 survivors (0K)
 Metaspace       used 6709K, committed 6912K, reserved 1114112K
  class space    used 736K, committed 832K, reserved 1048576K
}
Event: 2.143 GC heap after
{Heap after GC invocations=1 (full 0):
 garbage-first heap   total 120832K, used 4864K [0x000000008ac00000, 0x0000000100000000)
  region size 1024K, 3 young (3072K), 3 survivors (3072K)
 Metaspace       used 6709K, committed 6912K, reserved 1114112K
  class space    used 736K, committed 832K, reserved 1048576K
}
Event: 3.125 GC heap before
{Heap before GC invocations=1 (full 0):
 garbage-first heap   total 120832K, used 33536K [0x000000008ac00000, 0x0000000100000000)
  region size 1024K, 32 young (32768K), 3 survivors (3072K)
 Metaspace       used 13676K, committed 13952K, reserved 1114112K
  class space    used 1586K, committed 1664K, reserved 1048576K
}
Event: 3.134 GC heap after
{Heap after GC invocations=2 (full 0):
 garbage-first heap   total 120832K, used 7561K [0x000000008ac00000, 0x0000000100000000)
  region size 1024K, 3 young (3072K), 3 survivors (3072K)
 Metaspace       used 13676K, committed 13952K, reserved 1114112K
  class space    used 1586K, committed 1664K, reserved 1048576K
}
Event: 4.919 GC heap before
{Heap before GC invocations=2 (full 0):
 garbage-first heap   total 120832K, used 49545K [0x000000008ac00000, 0x0000000100000000)
  region size 1024K, 46 young (47104K), 3 survivors (3072K)
 Metaspace       used 21162K, committed 21504K, reserved 1114112K
  class space    used 2537K, committed 2688K, reserved 1048576K
}
Event: 4.929 GC heap after
{Heap after GC invocations=3 (full 0):
 garbage-first heap   total 120832K, used 11551K [0x000000008ac00000, 0x0000000100000000)
  region size 1024K, 7 young (7168K), 7 survivors (7168K)
 Metaspace       used 21162K, committed 21504K, reserved 1114112K
  class space    used 2537K, committed 2688K, reserved 1048576K
}
Event: 5.947 GC heap before
{Heap before GC invocations=4 (full 0):
 garbage-first heap   total 40960K, used 28959K [0x000000008ac00000, 0x0000000100000000)
  region size 1024K, 24 young (24576K), 7 survivors (7168K)
 Metaspace       used 25194K, committed 25664K, reserved 1114112K
  class space    used 3048K, committed 3264K, reserved 1048576K
}
Event: 5.965 GC heap after
{Heap after GC invocations=5 (full 0):
 garbage-first heap   total 40960K, used 13389K [0x000000008ac00000, 0x0000000100000000)
  region size 1024K, 3 young (3072K), 3 survivors (3072K)
 Metaspace       used 25194K, committed 25664K, reserved 1114112K
  class space    used 3048K, committed 3264K, reserved 1048576K
}
Event: 6.816 GC heap before
{Heap before GC invocations=5 (full 0):
 garbage-first heap   total 40960K, used 31821K [0x000000008ac00000, 0x0000000100000000)
  region size 1024K, 21 young (21504K), 3 survivors (3072K)
 Metaspace       used 28687K, committed 29248K, reserved 1114112K
  class space    used 3474K, committed 3712K, reserved 1048576K
}
Event: 6.822 GC heap after
{Heap after GC invocations=6 (full 0):
 garbage-first heap   total 40960K, used 15127K [0x000000008ac00000, 0x0000000100000000)
  region size 1024K, 3 young (3072K), 3 survivors (3072K)
 Metaspace       used 28687K, committed 29248K, reserved 1114112K
  class space    used 3474K, committed 3712K, reserved 1048576K
}
Event: 7.897 GC heap before
{Heap before GC invocations=6 (full 0):
 garbage-first heap   total 40960K, used 32535K [0x000000008ac00000, 0x0000000100000000)
  region size 1024K, 20 young (20480K), 3 survivors (3072K)
 Metaspace       used 33192K, committed 33856K, reserved 1114112K
  class space    used 3980K, committed 4288K, reserved 1048576K
}
Event: 7.904 GC heap after
{Heap after GC invocations=7 (full 0):
 garbage-first heap   total 40960K, used 17114K [0x000000008ac00000, 0x0000000100000000)
  region size 1024K, 3 young (3072K), 3 survivors (3072K)
 Metaspace       used 33192K, committed 33856K, reserved 1114112K
  class space    used 3980K, committed 4288K, reserved 1048576K
}
Event: 8.313 GC heap before
{Heap before GC invocations=7 (full 0):
 garbage-first heap   total 40960K, used 28378K [0x000000008ac00000, 0x0000000100000000)
  region size 1024K, 16 young (16384K), 3 survivors (3072K)
 Metaspace       used 35576K, committed 36160K, reserved 1114112K
  class space    used 4152K, committed 4416K, reserved 1048576K
}
Event: 8.316 GC heap after
{Heap after GC invocations=8 (full 0):
 garbage-first heap   total 40960K, used 18097K [0x000000008ac00000, 0x0000000100000000)
  region size 1024K, 2 young (2048K), 2 survivors (2048K)
 Metaspace       used 35576K, committed 36160K, reserved 1114112K
  class space    used 4152K, committed 4416K, reserved 1048576K
}
Event: 8.910 GC heap before
{Heap before GC invocations=9 (full 0):
 garbage-first heap   total 40960K, used 33457K [0x000000008ac00000, 0x0000000100000000)
  region size 1024K, 18 young (18432K), 2 survivors (2048K)
 Metaspace       used 39590K, committed 40128K, reserved 1114112K
  class space    used 4495K, committed 4736K, reserved 1048576K
}
Event: 8.914 GC heap after
{Heap after GC invocations=10 (full 0):
 garbage-first heap   total 40960K, used 19132K [0x000000008ac00000, 0x0000000100000000)
  region size 1024K, 3 young (3072K), 3 survivors (3072K)
 Metaspace       used 39590K, committed 40128K, reserved 1114112K
  class space    used 4495K, committed 4736K, reserved 1048576K
}

